Determining if the include file winsock2.h exists failed with the following output:
Change Dir: /home/zchenpds/git/CPE810C_2016F_XDF/pdf/build-podofo-Desktop-Default/CMakeFiles/CMakeTmp

Run Build Command:"/usr/bin/make" "cmTC_db112/fast"
/usr/bin/make -f CMakeFiles/cmTC_db112.dir/build.make CMakeFiles/cmTC_db112.dir/build
make[1]: Entering directory `/home/zchenpds/git/CPE810C_2016F_XDF/pdf/build-podofo-Desktop-Default/CMakeFiles/CMakeTmp'
Building C object CMakeFiles/cmTC_db112.dir/CheckIncludeFile.c.o
/usr/bin/cc     -o CMakeFiles/cmTC_db112.dir/CheckIncludeFile.c.o   -c /home/zchenpds/git/CPE810C_2016F_XDF/pdf/build-podofo-Desktop-Default/CMakeFiles/CMakeTmp/CheckIncludeFile.c
/home/zchenpds/git/CPE810C_2016F_XDF/pdf/build-podofo-Desktop-Default/CMakeFiles/CMakeTmp/CheckIncludeFile.c:1:22: fatal error: winsock2.h: No such file or directory
 #include <winsock2.h>
                      ^
compilation terminated.
make[1]: *** [CMakeFiles/cmTC_db112.dir/CheckIncludeFile.c.o] Error 1
make[1]: Leaving directory `/home/zchenpds/git/CPE810C_2016F_XDF/pdf/build-podofo-Desktop-Default/CMakeFiles/CMakeTmp'
make: *** [cmTC_db112/fast] Error 2


Determining if the include file mem.h exists failed with the following output:
Change Dir: /home/zchenpds/git/CPE810C_2016F_XDF/pdf/build-podofo-Desktop-Default/CMakeFiles/CMakeTmp

Run Build Command:"/usr/bin/make" "cmTC_d7477/fast"
/usr/bin/make -f CMakeFiles/cmTC_d7477.dir/build.make CMakeFiles/cmTC_d7477.dir/build
make[1]: Entering directory `/home/zchenpds/git/CPE810C_2016F_XDF/pdf/build-podofo-Desktop-Default/CMakeFiles/CMakeTmp'
Building C object CMakeFiles/cmTC_d7477.dir/CheckIncludeFile.c.o
/usr/bin/cc     -o CMakeFiles/cmTC_d7477.dir/CheckIncludeFile.c.o   -c /home/zchenpds/git/CPE810C_2016F_XDF/pdf/build-podofo-Desktop-Default/CMakeFiles/CMakeTmp/CheckIncludeFile.c
/home/zchenpds/git/CPE810C_2016F_XDF/pdf/build-podofo-Desktop-Default/CMakeFiles/CMakeTmp/CheckIncludeFile.c:1:17: fatal error: mem.h: No such file or directory
 #include <mem.h>
                 ^
compilation terminated.
make[1]: *** [CMakeFiles/cmTC_d7477.dir/CheckIncludeFile.c.o] Error 1
make[1]: Leaving directory `/home/zchenpds/git/CPE810C_2016F_XDF/pdf/build-podofo-Desktop-Default/CMakeFiles/CMakeTmp'
make: *** [cmTC_d7477/fast] Error 2


Determining if the include file BaseTsd.h exists failed with the following output:
Change Dir: /home/zchenpds/git/CPE810C_2016F_XDF/pdf/build-podofo-Desktop-Default/CMakeFiles/CMakeTmp

Run Build Command:"/usr/bin/make" "cmTC_a5d2f/fast"
/usr/bin/make -f CMakeFiles/cmTC_a5d2f.dir/build.make CMakeFiles/cmTC_a5d2f.dir/build
make[1]: Entering directory `/home/zchenpds/git/CPE810C_2016F_XDF/pdf/build-podofo-Desktop-Default/CMakeFiles/CMakeTmp'
Building C object CMakeFiles/cmTC_a5d2f.dir/CheckIncludeFile.c.o
/usr/bin/cc     -o CMakeFiles/cmTC_a5d2f.dir/CheckIncludeFile.c.o   -c /home/zchenpds/git/CPE810C_2016F_XDF/pdf/build-podofo-Desktop-Default/CMakeFiles/CMakeTmp/CheckIncludeFile.c
/home/zchenpds/git/CPE810C_2016F_XDF/pdf/build-podofo-Desktop-Default/CMakeFiles/CMakeTmp/CheckIncludeFile.c:1:21: fatal error: BaseTsd.h: No such file or directory
 #include <BaseTsd.h>
                     ^
compilation terminated.
make[1]: *** [CMakeFiles/cmTC_a5d2f.dir/CheckIncludeFile.c.o] Error 1
make[1]: Leaving directory `/home/zchenpds/git/CPE810C_2016F_XDF/pdf/build-podofo-Desktop-Default/CMakeFiles/CMakeTmp'
make: *** [cmTC_a5d2f/fast] Error 2


Determining if the pthread_create exist failed with the following output:
Change Dir: /home/zchenpds/git/CPE810C_2016F_XDF/pdf/build-podofo-Desktop-Default/CMakeFiles/CMakeTmp

Run Build Command:"/usr/bin/make" "cmTC_49a17/fast"
/usr/bin/make -f CMakeFiles/cmTC_49a17.dir/build.make CMakeFiles/cmTC_49a17.dir/build
make[1]: Entering directory `/home/zchenpds/git/CPE810C_2016F_XDF/pdf/build-podofo-Desktop-Default/CMakeFiles/CMakeTmp'
Building C object CMakeFiles/cmTC_49a17.dir/CheckSymbolExists.c.o
/usr/bin/cc     -o CMakeFiles/cmTC_49a17.dir/CheckSymbolExists.c.o   -c /home/zchenpds/git/CPE810C_2016F_XDF/pdf/build-podofo-Desktop-Default/CMakeFiles/CMakeTmp/CheckSymbolExists.c
Linking C executable cmTC_49a17
/usr/local/bin/cmake -E cmake_link_script CMakeFiles/cmTC_49a17.dir/link.txt --verbose=1
/usr/bin/cc       CMakeFiles/cmTC_49a17.dir/CheckSymbolExists.c.o  -o cmTC_49a17 -rdynamic 
CMakeFiles/cmTC_49a17.dir/CheckSymbolExists.c.o: In function `main':
CheckSymbolExists.c:(.text+0x16): undefined reference to `pthread_create'
collect2: error: ld returned 1 exit status
make[1]: *** [cmTC_49a17] Error 1
make[1]: Leaving directory `/home/zchenpds/git/CPE810C_2016F_XDF/pdf/build-podofo-Desktop-Default/CMakeFiles/CMakeTmp'
make: *** [cmTC_49a17/fast] Error 2

File /home/zchenpds/git/CPE810C_2016F_XDF/pdf/build-podofo-Desktop-Default/CMakeFiles/CMakeTmp/CheckSymbolExists.c:
/* */
#include <pthread.h>

int main(int argc, char** argv)
{
  (void)argv;
#ifndef pthread_create
  return ((int*)(&pthread_create))[argc];
#else
  (void)argc;
  return 0;
#endif
}

Determining if the function pthread_create exists in the pthreads failed with the following output:
Change Dir: /home/zchenpds/git/CPE810C_2016F_XDF/pdf/build-podofo-Desktop-Default/CMakeFiles/CMakeTmp

Run Build Command:"/usr/bin/make" "cmTC_15cc1/fast"
/usr/bin/make -f CMakeFiles/cmTC_15cc1.dir/build.make CMakeFiles/cmTC_15cc1.dir/build
make[1]: Entering directory `/home/zchenpds/git/CPE810C_2016F_XDF/pdf/build-podofo-Desktop-Default/CMakeFiles/CMakeTmp'
Building C object CMakeFiles/cmTC_15cc1.dir/CheckFunctionExists.c.o
/usr/bin/cc    -DCHECK_FUNCTION_EXISTS=pthread_create   -o CMakeFiles/cmTC_15cc1.dir/CheckFunctionExists.c.o   -c /usr/local/share/cmake-3.6/Modules/CheckFunctionExists.c
Linking C executable cmTC_15cc1
/usr/local/bin/cmake -E cmake_link_script CMakeFiles/cmTC_15cc1.dir/link.txt --verbose=1
/usr/bin/cc   -DCHECK_FUNCTION_EXISTS=pthread_create    CMakeFiles/cmTC_15cc1.dir/CheckFunctionExists.c.o  -o cmTC_15cc1 -rdynamic -lpthreads 
/usr/bin/ld: cannot find -lpthreads
collect2: error: ld returned 1 exit status
make[1]: *** [cmTC_15cc1] Error 1
make[1]: Leaving directory `/home/zchenpds/git/CPE810C_2016F_XDF/pdf/build-podofo-Desktop-Default/CMakeFiles/CMakeTmp'
make: *** [cmTC_15cc1/fast] Error 2


